bowtie
job align bowtie
BEGIN
4094
Settings:
  Output files: "/groups/umcg-wijmenga/tmp01/projects/lude_vici_2021/rawdata/datasets/EGAD00001000292/samples/GENOOM_chr21.*.bt2"
  Line rate: 6 (line is 64 bytes)
  Lines per side: 1 (side is 64 bytes)
  Offset rate: 4 (one in 16)
  FTable chars: 10
  Strings: unpacked
  Max bucket size: default
  Max bucket size, sqrt multiplier: default
  Max bucket size, len divisor: 4
  Difference-cover sample period: 1024
  Endianness: little
  Actual local endianness: little
  Sanity checking: disabled
  Assertions: disabled
  Random seed: 0
  Sizeofs: void*:8, int:4, long:8, size_t:8
Input files DNA, FASTA:
  /groups/umcg-wijmenga/tmp01/projects/lude_vici_2021/rawdata/chr/unzip/chr21.fa
Reading reference sizes
  Time reading reference sizes: 00:00:00
Calculating joined length
Writing header
Reserving space for joined string
Joining reference sequences
  Time to join reference sequences: 00:00:01
bmax according to bmaxDivN setting: 8776660
Using parameters --bmax 6582495 --dcv 1024
  Doing ahead-of-time memory usage test
  Passed!  Constructing with these parameters: --bmax 6582495 --dcv 1024
Constructing suffix-array element generator
Building DifferenceCoverSample
  Building sPrime
  Building sPrimeOrder
  V-Sorting samples
  V-Sorting samples time: 00:00:00
  Allocating rank array
  Ranking v-sort output
  Ranking v-sort output time: 00:00:01
  Invoking Larsson-Sadakane on ranks
  Invoking Larsson-Sadakane on ranks time: 00:00:00
  Sanity-checking and returning
Building samples
Reserving space for 12 sample suffixes
Generating random suffixes
QSorting 12 sample offsets, eliminating duplicates
QSorting sample offsets, eliminating duplicates time: 00:00:00
Multikey QSorting 12 samples
  (Using difference cover)
  Multikey QSorting samples time: 00:00:00
Calculating bucket sizes
Splitting and merging
  Splitting and merging time: 00:00:00
Avg bucket size: 3.51066e+07 (target: 6582494)
Converting suffix-array elements to index image
Allocating ftab, absorbFtab
Entering Ebwt loop
Getting block 1 of 1
  No samples; assembling all-inclusive block
  Sorting block of length 35106642 for bucket 1
  (Using difference cover)
  Sorting block time: 00:00:11
Returning block of 35106643 for bucket 1
Exited Ebwt loop
fchr[A]: 0
fchr[C]: 10422924
fchr[G]: 17583136
fchr[T]: 24757857
fchr[$]: 35106642
Exiting Ebwt::buildToDisk()
Returning from initFromVector
Wrote 15896923 bytes to primary EBWT file: /groups/umcg-wijmenga/tmp01/projects/lude_vici_2021/rawdata/datasets/EGAD00001000292/samples/GENOOM_chr21.1.bt2
Wrote 8776668 bytes to secondary EBWT file: /groups/umcg-wijmenga/tmp01/projects/lude_vici_2021/rawdata/datasets/EGAD00001000292/samples/GENOOM_chr21.2.bt2
Re-opening _in1 and _in2 as input streams
Returning from Ebwt constructor
Headers:
    len: 35106642
    bwtLen: 35106643
    sz: 8776661
    bwtSz: 8776661
    lineRate: 6
    offRate: 4
    offMask: 0xfffffff0
    ftabChars: 10
    eftabLen: 20
    eftabSz: 80
    ftabLen: 1048577
    ftabSz: 4194308
    offsLen: 2194166
    offsSz: 8776664
    lineSz: 64
    sideSz: 64
    sideBwtSz: 48
    sideBwtLen: 192
    numSides: 182848
    numLines: 182848
    ebwtTotLen: 11702272
    ebwtTotSz: 11702272
    color: 0
    reverse: 0
Total time for call to driver() for forward index: 00:00:18
Reading reference sizes
  Time reading reference sizes: 00:00:00
Calculating joined length
Writing header
Reserving space for joined string
Joining reference sequences
  Time to join reference sequences: 00:00:00
  Time to reverse reference sequence: 00:00:00
bmax according to bmaxDivN setting: 8776660
Using parameters --bmax 6582495 --dcv 1024
  Doing ahead-of-time memory usage test
  Passed!  Constructing with these parameters: --bmax 6582495 --dcv 1024
Constructing suffix-array element generator
Building DifferenceCoverSample
  Building sPrime
  Building sPrimeOrder
  V-Sorting samples
  V-Sorting samples time: 00:00:01
  Allocating rank array
  Ranking v-sort output
  Ranking v-sort output time: 00:00:00
  Invoking Larsson-Sadakane on ranks
  Invoking Larsson-Sadakane on ranks time: 00:00:00
  Sanity-checking and returning
Building samples
Reserving space for 12 sample suffixes
Generating random suffixes
QSorting 12 sample offsets, eliminating duplicates
QSorting sample offsets, eliminating duplicates time: 00:00:00
Multikey QSorting 12 samples
  (Using difference cover)
  Multikey QSorting samples time: 00:00:00
Calculating bucket sizes
Splitting and merging
  Splitting and merging time: 00:00:00
Avg bucket size: 3.51066e+07 (target: 6582494)
Converting suffix-array elements to index image
Allocating ftab, absorbFtab
Entering Ebwt loop
Getting block 1 of 1
  No samples; assembling all-inclusive block
  Sorting block of length 35106642 for bucket 1
  (Using difference cover)
  Sorting block time: 00:00:11
Returning block of 35106643 for bucket 1
Exited Ebwt loop
fchr[A]: 0
fchr[C]: 10422924
fchr[G]: 17583136
fchr[T]: 24757857
fchr[$]: 35106642
Exiting Ebwt::buildToDisk()
Returning from initFromVector
Wrote 15896923 bytes to primary EBWT file: /groups/umcg-wijmenga/tmp01/projects/lude_vici_2021/rawdata/datasets/EGAD00001000292/samples/GENOOM_chr21.rev.1.bt2
Wrote 8776668 bytes to secondary EBWT file: /groups/umcg-wijmenga/tmp01/projects/lude_vici_2021/rawdata/datasets/EGAD00001000292/samples/GENOOM_chr21.rev.2.bt2
Re-opening _in1 and _in2 as input streams
Returning from Ebwt constructor
Headers:
    len: 35106642
    bwtLen: 35106643
    sz: 8776661
    bwtSz: 8776661
    lineRate: 6
    offRate: 4
    offMask: 0xfffffff0
    ftabChars: 10
    eftabLen: 20
    eftabSz: 80
    ftabLen: 1048577
    ftabSz: 4194308
    offsLen: 2194166
    offsSz: 8776664
    lineSz: 64
    sideSz: 64
    sideBwtSz: 48
    sideBwtLen: 192
    numSides: 182848
    numLines: 182848
    ebwtTotLen: 11702272
    ebwtTotSz: 11702272
    color: 0
    reverse: 1
Total time for backward call to driver() for mirror index: 00:00:17
EIND
BEGIN
4099
Settings:
  Output files: "/groups/umcg-wijmenga/tmp01/projects/lude_vici_2021/rawdata/datasets/EGAD00001000292/samples/GENOOM_chr21.*.bt2"
  Line rate: 6 (line is 64 bytes)
  Lines per side: 1 (side is 64 bytes)
  Offset rate: 4 (one in 16)
  FTable chars: 10
  Strings: unpacked
  Max bucket size: default
  Max bucket size, sqrt multiplier: default
  Max bucket size, len divisor: 4
  Difference-cover sample period: 1024
  Endianness: little
  Actual local endianness: little
  Sanity checking: disabled
  Assertions: disabled
  Random seed: 0
  Sizeofs: void*:8, int:4, long:8, size_t:8
Input files DNA, FASTA:
  /groups/umcg-wijmenga/tmp01/projects/lude_vici_2021/rawdata/chr/unzip/chr21.fa
Reading reference sizes
  Time reading reference sizes: 00:00:01
Calculating joined length
Writing header
Reserving space for joined string
Joining reference sequences
  Time to join reference sequences: 00:00:00
bmax according to bmaxDivN setting: 8776660
Using parameters --bmax 6582495 --dcv 1024
  Doing ahead-of-time memory usage test
  Passed!  Constructing with these parameters: --bmax 6582495 --dcv 1024
Constructing suffix-array element generator
Building DifferenceCoverSample
  Building sPrime
  Building sPrimeOrder
  V-Sorting samples
  V-Sorting samples time: 00:00:01
  Allocating rank array
  Ranking v-sort output
  Ranking v-sort output time: 00:00:00
  Invoking Larsson-Sadakane on ranks
  Invoking Larsson-Sadakane on ranks time: 00:00:00
  Sanity-checking and returning
Building samples
Reserving space for 12 sample suffixes
Generating random suffixes
QSorting 12 sample offsets, eliminating duplicates
QSorting sample offsets, eliminating duplicates time: 00:00:00
Multikey QSorting 12 samples
  (Using difference cover)
  Multikey QSorting samples time: 00:00:00
Calculating bucket sizes
Splitting and merging
  Splitting and merging time: 00:00:00
Avg bucket size: 3.51066e+07 (target: 6582494)
Converting suffix-array elements to index image
Allocating ftab, absorbFtab
Entering Ebwt loop
Getting block 1 of 1
  No samples; assembling all-inclusive block
  Sorting block of length 35106642 for bucket 1
  (Using difference cover)
  Sorting block time: 00:00:10
Returning block of 35106643 for bucket 1
Exited Ebwt loop
fchr[A]: 0
fchr[C]: 10422924
fchr[G]: 17583136
fchr[T]: 24757857
fchr[$]: 35106642
Exiting Ebwt::buildToDisk()
Returning from initFromVector
Wrote 15896923 bytes to primary EBWT file: /groups/umcg-wijmenga/tmp01/projects/lude_vici_2021/rawdata/datasets/EGAD00001000292/samples/GENOOM_chr21.1.bt2
Wrote 8776668 bytes to secondary EBWT file: /groups/umcg-wijmenga/tmp01/projects/lude_vici_2021/rawdata/datasets/EGAD00001000292/samples/GENOOM_chr21.2.bt2
Re-opening _in1 and _in2 as input streams
Returning from Ebwt constructor
Headers:
    len: 35106642
    bwtLen: 35106643
    sz: 8776661
    bwtSz: 8776661
    lineRate: 6
    offRate: 4
    offMask: 0xfffffff0
    ftabChars: 10
    eftabLen: 20
    eftabSz: 80
    ftabLen: 1048577
    ftabSz: 4194308
    offsLen: 2194166
    offsSz: 8776664
    lineSz: 64
    sideSz: 64
    sideBwtSz: 48
    sideBwtLen: 192
    numSides: 182848
    numLines: 182848
    ebwtTotLen: 11702272
    ebwtTotSz: 11702272
    color: 0
    reverse: 0
Total time for call to driver() for forward index: 00:00:17
Reading reference sizes
  Time reading reference sizes: 00:00:00
Calculating joined length
Writing header
Reserving space for joined string
Joining reference sequences
  Time to join reference sequences: 00:00:01
  Time to reverse reference sequence: 00:00:00
bmax according to bmaxDivN setting: 8776660
Using parameters --bmax 6582495 --dcv 1024
  Doing ahead-of-time memory usage test
  Passed!  Constructing with these parameters: --bmax 6582495 --dcv 1024
Constructing suffix-array element generator
Building DifferenceCoverSample
  Building sPrime
  Building sPrimeOrder
  V-Sorting samples
  V-Sorting samples time: 00:00:00
  Allocating rank array
  Ranking v-sort output
  Ranking v-sort output time: 00:00:00
  Invoking Larsson-Sadakane on ranks
  Invoking Larsson-Sadakane on ranks time: 00:00:01
  Sanity-checking and returning
Building samples
Reserving space for 12 sample suffixes
Generating random suffixes
QSorting 12 sample offsets, eliminating duplicates
QSorting sample offsets, eliminating duplicates time: 00:00:00
Multikey QSorting 12 samples
  (Using difference cover)
  Multikey QSorting samples time: 00:00:00
Calculating bucket sizes
Splitting and merging
  Splitting and merging time: 00:00:00
Avg bucket size: 3.51066e+07 (target: 6582494)
Converting suffix-array elements to index image
Allocating ftab, absorbFtab
Entering Ebwt loop
Getting block 1 of 1
  No samples; assembling all-inclusive block
  Sorting block of length 35106642 for bucket 1
  (Using difference cover)
  Sorting block time: 00:00:10
Returning block of 35106643 for bucket 1
Exited Ebwt loop
fchr[A]: 0
fchr[C]: 10422924
fchr[G]: 17583136
fchr[T]: 24757857
fchr[$]: 35106642
Exiting Ebwt::buildToDisk()
Returning from initFromVector
Wrote 15896923 bytes to primary EBWT file: /groups/umcg-wijmenga/tmp01/projects/lude_vici_2021/rawdata/datasets/EGAD00001000292/samples/GENOOM_chr21.rev.1.bt2
Wrote 8776668 bytes to secondary EBWT file: /groups/umcg-wijmenga/tmp01/projects/lude_vici_2021/rawdata/datasets/EGAD00001000292/samples/GENOOM_chr21.rev.2.bt2
Re-opening _in1 and _in2 as input streams
Returning from Ebwt constructor
Headers:
    len: 35106642
    bwtLen: 35106643
    sz: 8776661
    bwtSz: 8776661
    lineRate: 6
    offRate: 4
    offMask: 0xfffffff0
    ftabChars: 10
    eftabLen: 20
    eftabSz: 80
    ftabLen: 1048577
    ftabSz: 4194308
    offsLen: 2194166
    offsSz: 8776664
    lineSz: 64
    sideSz: 64
    sideBwtSz: 48
    sideBwtLen: 192
    numSides: 182848
    numLines: 182848
    ebwtTotLen: 11702272
    ebwtTotSz: 11702272
    color: 0
    reverse: 1
Total time for backward call to driver() for mirror index: 00:00:17
EIND
BEGIN
4104
Settings:
  Output files: "/groups/umcg-wijmenga/tmp01/projects/lude_vici_2021/rawdata/datasets/EGAD00001000292/samples/GENOOM_chr21.*.bt2"
  Line rate: 6 (line is 64 bytes)
  Lines per side: 1 (side is 64 bytes)
  Offset rate: 4 (one in 16)
  FTable chars: 10
  Strings: unpacked
  Max bucket size: default
  Max bucket size, sqrt multiplier: default
  Max bucket size, len divisor: 4
  Difference-cover sample period: 1024
  Endianness: little
  Actual local endianness: little
  Sanity checking: disabled
  Assertions: disabled
  Random seed: 0
  Sizeofs: void*:8, int:4, long:8, size_t:8
Input files DNA, FASTA:
  /groups/umcg-wijmenga/tmp01/projects/lude_vici_2021/rawdata/chr/unzip/chr21.fa
Reading reference sizes
  Time reading reference sizes: 00:00:00
Calculating joined length
Writing header
Reserving space for joined string
Joining reference sequences
  Time to join reference sequences: 00:00:00
bmax according to bmaxDivN setting: 8776660
Using parameters --bmax 6582495 --dcv 1024
  Doing ahead-of-time memory usage test
  Passed!  Constructing with these parameters: --bmax 6582495 --dcv 1024
Constructing suffix-array element generator
Building DifferenceCoverSample
  Building sPrime
  Building sPrimeOrder
  V-Sorting samples
  V-Sorting samples time: 00:00:00
  Allocating rank array
  Ranking v-sort output
  Ranking v-sort output time: 00:00:00
  Invoking Larsson-Sadakane on ranks
  Invoking Larsson-Sadakane on ranks time: 00:00:00
  Sanity-checking and returning
Building samples
Reserving space for 12 sample suffixes
Generating random suffixes
QSorting 12 sample offsets, eliminating duplicates
QSorting sample offsets, eliminating duplicates time: 00:00:00
Multikey QSorting 12 samples
  (Using difference cover)
  Multikey QSorting samples time: 00:00:00
Calculating bucket sizes
Splitting and merging
  Splitting and merging time: 00:00:00
Avg bucket size: 3.51066e+07 (target: 6582494)
Converting suffix-array elements to index image
Allocating ftab, absorbFtab
Entering Ebwt loop
Getting block 1 of 1
  No samples; assembling all-inclusive block
  Sorting block of length 35106642 for bucket 1
  (Using difference cover)
  Sorting block time: 00:00:11
Returning block of 35106643 for bucket 1
Exited Ebwt loop
fchr[A]: 0
fchr[C]: 10422924
fchr[G]: 17583136
fchr[T]: 24757857
fchr[$]: 35106642
Exiting Ebwt::buildToDisk()
Returning from initFromVector
Wrote 15896923 bytes to primary EBWT file: /groups/umcg-wijmenga/tmp01/projects/lude_vici_2021/rawdata/datasets/EGAD00001000292/samples/GENOOM_chr21.1.bt2
Wrote 8776668 bytes to secondary EBWT file: /groups/umcg-wijmenga/tmp01/projects/lude_vici_2021/rawdata/datasets/EGAD00001000292/samples/GENOOM_chr21.2.bt2
Re-opening _in1 and _in2 as input streams
Returning from Ebwt constructor
Headers:
    len: 35106642
    bwtLen: 35106643
    sz: 8776661
    bwtSz: 8776661
    lineRate: 6
    offRate: 4
    offMask: 0xfffffff0
    ftabChars: 10
    eftabLen: 20
    eftabSz: 80
    ftabLen: 1048577
    ftabSz: 4194308
    offsLen: 2194166
    offsSz: 8776664
    lineSz: 64
    sideSz: 64
    sideBwtSz: 48
    sideBwtLen: 192
    numSides: 182848
    numLines: 182848
    ebwtTotLen: 11702272
    ebwtTotSz: 11702272
    color: 0
    reverse: 0
Total time for call to driver() for forward index: 00:00:17
Reading reference sizes
  Time reading reference sizes: 00:00:00
Calculating joined length
Writing header
Reserving space for joined string
Joining reference sequences
  Time to join reference sequences: 00:00:01
  Time to reverse reference sequence: 00:00:00
bmax according to bmaxDivN setting: 8776660
Using parameters --bmax 6582495 --dcv 1024
  Doing ahead-of-time memory usage test
  Passed!  Constructing with these parameters: --bmax 6582495 --dcv 1024
Constructing suffix-array element generator
Building DifferenceCoverSample
  Building sPrime
  Building sPrimeOrder
  V-Sorting samples
  V-Sorting samples time: 00:00:00
  Allocating rank array
  Ranking v-sort output
  Ranking v-sort output time: 00:00:00
  Invoking Larsson-Sadakane on ranks
  Invoking Larsson-Sadakane on ranks time: 00:00:01
  Sanity-checking and returning
Building samples
Reserving space for 12 sample suffixes
Generating random suffixes
QSorting 12 sample offsets, eliminating duplicates
QSorting sample offsets, eliminating duplicates time: 00:00:00
Multikey QSorting 12 samples
  (Using difference cover)
  Multikey QSorting samples time: 00:00:00
Calculating bucket sizes
Splitting and merging
  Splitting and merging time: 00:00:00
Avg bucket size: 3.51066e+07 (target: 6582494)
Converting suffix-array elements to index image
Allocating ftab, absorbFtab
Entering Ebwt loop
Getting block 1 of 1
  No samples; assembling all-inclusive block
  Sorting block of length 35106642 for bucket 1
  (Using difference cover)
  Sorting block time: 00:00:10
Returning block of 35106643 for bucket 1
Exited Ebwt loop
fchr[A]: 0
fchr[C]: 10422924
fchr[G]: 17583136
fchr[T]: 24757857
fchr[$]: 35106642
Exiting Ebwt::buildToDisk()
Returning from initFromVector
Wrote 15896923 bytes to primary EBWT file: /groups/umcg-wijmenga/tmp01/projects/lude_vici_2021/rawdata/datasets/EGAD00001000292/samples/GENOOM_chr21.rev.1.bt2
Wrote 8776668 bytes to secondary EBWT file: /groups/umcg-wijmenga/tmp01/projects/lude_vici_2021/rawdata/datasets/EGAD00001000292/samples/GENOOM_chr21.rev.2.bt2
Re-opening _in1 and _in2 as input streams
Returning from Ebwt constructor
Headers:
    len: 35106642
    bwtLen: 35106643
    sz: 8776661
    bwtSz: 8776661
    lineRate: 6
    offRate: 4
    offMask: 0xfffffff0
    ftabChars: 10
    eftabLen: 20
    eftabSz: 80
    ftabLen: 1048577
    ftabSz: 4194308
    offsLen: 2194166
    offsSz: 8776664
    lineSz: 64
    sideSz: 64
    sideBwtSz: 48
    sideBwtLen: 192
    numSides: 182848
    numLines: 182848
    ebwtTotLen: 11702272
    ebwtTotSz: 11702272
    color: 0
    reverse: 1
Total time for backward call to driver() for mirror index: 00:00:17
EIND
change sample name
BEGIN
4094
EIND change sample name - 4094
BEGIN
4099
EIND change sample name - 4099
BEGIN
4104
EIND change sample name - 4104
job vcf bowtie
/groups/umcg-wijmenga/tmp01/projects/lude_vici_2021/rawdata/datasets/EGAD00001000292/samples/S1/chr21/mutect_bowtie/bowtie_S1_numT_1_numHC_1_SS6004094_SS6004099.txt
####sample name\n
Tool returned:
SUCCESS
####PON and GR\n
Tool returned:
SUCCESS
EIND job vcf bowtie - /groups/umcg-wijmenga/tmp01/projects/lude_vici_2021/rawdata/datasets/EGAD00001000292/samples/S1/chr21/mutect_bowtie/bowtie_S1_numT_1_numHC_1_SS6004094_SS6004099.txt
/groups/umcg-wijmenga/tmp01/projects/lude_vici_2021/rawdata/datasets/EGAD00001000292/samples/S1/chr21/mutect_bowtie/bowtie_S1_numT_1_numHC_1_SS6004094_SS6004104.txt
####sample name\n
Tool returned:
SUCCESS
####PON and GR\n
Tool returned:
SUCCESS
EIND job vcf bowtie - /groups/umcg-wijmenga/tmp01/projects/lude_vici_2021/rawdata/datasets/EGAD00001000292/samples/S1/chr21/mutect_bowtie/bowtie_S1_numT_1_numHC_1_SS6004094_SS6004104.txt
/groups/umcg-wijmenga/tmp01/projects/lude_vici_2021/rawdata/datasets/EGAD00001000292/samples/S1/chr21/mutect_bowtie/bowtie_SS6004094.txt
####sample name\n
Tool returned:
SUCCESS
####PON and GR\n
Tool returned:
SUCCESS
EIND job vcf bowtie - /groups/umcg-wijmenga/tmp01/projects/lude_vici_2021/rawdata/datasets/EGAD00001000292/samples/S1/chr21/mutect_bowtie/bowtie_SS6004094.txt
/groups/umcg-wijmenga/tmp01/projects/lude_vici_2021/rawdata/datasets/EGAD00001000292/samples/S1/chr21/mutect_bowtie/bowtie_SS6004099.txt
####sample name\n
Tool returned:
SUCCESS
####PON and GR\n
Tool returned:
SUCCESS
EIND job vcf bowtie - /groups/umcg-wijmenga/tmp01/projects/lude_vici_2021/rawdata/datasets/EGAD00001000292/samples/S1/chr21/mutect_bowtie/bowtie_SS6004099.txt
/groups/umcg-wijmenga/tmp01/projects/lude_vici_2021/rawdata/datasets/EGAD00001000292/samples/S1/chr21/mutect_bowtie/bowtie_SS6004104.txt
####sample name\n
Tool returned:
SUCCESS
####PON and GR\n
Tool returned:
SUCCESS
EIND job vcf bowtie - /groups/umcg-wijmenga/tmp01/projects/lude_vici_2021/rawdata/datasets/EGAD00001000292/samples/S1/chr21/mutect_bowtie/bowtie_SS6004104.txt
EIND job vcf bowtie - S1
/groups/umcg-wijmenga/tmp01/projects/lude_vici_2021/rawdata/datasets/EGAD00001000292/samples/S1/chr21/mutect_bowtie/bowtie_S1_numT_1_numHC_1_SS6004094_SS6004099.txt
####sample name\n
Tool returned:
SUCCESS
####PON and GR\n
Tool returned:
SUCCESS
EIND job vcf bowtie - /groups/umcg-wijmenga/tmp01/projects/lude_vici_2021/rawdata/datasets/EGAD00001000292/samples/S1/chr21/mutect_bowtie/bowtie_S1_numT_1_numHC_1_SS6004094_SS6004099.txt
/groups/umcg-wijmenga/tmp01/projects/lude_vici_2021/rawdata/datasets/EGAD00001000292/samples/S1/chr21/mutect_bowtie/bowtie_S1_numT_1_numHC_1_SS6004094_SS6004104.txt
####sample name\n
Tool returned:
SUCCESS
####PON and GR\n
Tool returned:
SUCCESS
EIND job vcf bowtie - /groups/umcg-wijmenga/tmp01/projects/lude_vici_2021/rawdata/datasets/EGAD00001000292/samples/S1/chr21/mutect_bowtie/bowtie_S1_numT_1_numHC_1_SS6004094_SS6004104.txt
/groups/umcg-wijmenga/tmp01/projects/lude_vici_2021/rawdata/datasets/EGAD00001000292/samples/S1/chr21/mutect_bowtie/bowtie_SS6004094.txt
####sample name\n
Tool returned:
SUCCESS
####PON and GR\n
Tool returned:
SUCCESS
EIND job vcf bowtie - /groups/umcg-wijmenga/tmp01/projects/lude_vici_2021/rawdata/datasets/EGAD00001000292/samples/S1/chr21/mutect_bowtie/bowtie_SS6004094.txt
/groups/umcg-wijmenga/tmp01/projects/lude_vici_2021/rawdata/datasets/EGAD00001000292/samples/S1/chr21/mutect_bowtie/bowtie_SS6004099.txt
####sample name\n
Tool returned:
SUCCESS
####PON and GR\n
Tool returned:
SUCCESS
EIND job vcf bowtie - /groups/umcg-wijmenga/tmp01/projects/lude_vici_2021/rawdata/datasets/EGAD00001000292/samples/S1/chr21/mutect_bowtie/bowtie_SS6004099.txt
/groups/umcg-wijmenga/tmp01/projects/lude_vici_2021/rawdata/datasets/EGAD00001000292/samples/S1/chr21/mutect_bowtie/bowtie_SS6004104.txt
####sample name\n
Tool returned:
SUCCESS
####PON and GR\n
Tool returned:
SUCCESS
EIND job vcf bowtie - /groups/umcg-wijmenga/tmp01/projects/lude_vici_2021/rawdata/datasets/EGAD00001000292/samples/S1/chr21/mutect_bowtie/bowtie_SS6004104.txt
EIND job vcf bowtie - S1
/groups/umcg-wijmenga/tmp01/projects/lude_vici_2021/rawdata/datasets/EGAD00001000292/samples/S1/chr21/mutect_bowtie/bowtie_S1_numT_1_numHC_1_SS6004094_SS6004099.txt
####sample name\n
Tool returned:
SUCCESS
####PON and GR\n
Tool returned:
SUCCESS
EIND job vcf bowtie - /groups/umcg-wijmenga/tmp01/projects/lude_vici_2021/rawdata/datasets/EGAD00001000292/samples/S1/chr21/mutect_bowtie/bowtie_S1_numT_1_numHC_1_SS6004094_SS6004099.txt
/groups/umcg-wijmenga/tmp01/projects/lude_vici_2021/rawdata/datasets/EGAD00001000292/samples/S1/chr21/mutect_bowtie/bowtie_S1_numT_1_numHC_1_SS6004094_SS6004104.txt
####sample name\n
Tool returned:
SUCCESS
####PON and GR\n
