bwa_aln
BEGIN
5043
begin alignen
TEST1
TEST2
TEST3
TEST4
TEST5
EIND
BEGIN
5042
begin alignen
TEST1
TEST2
TEST3
TEST4
TEST5
EIND
BEGIN
5044
begin alignen
TEST1
TEST2
TEST3
TEST4
TEST5
EIND
5043
EIND
5042
EIND
5044
EIND
/groups/umcg-wijmenga/tmp01/projects/lude_vici_2021/rawdata/datasets/EGAD00001000292/samples/S1/chr21/mutect_bwa_aln/bwa_aln_S1_numT_1_numHC_1_SS6004094_SS6004099.txt
####sample name\n
Tool returned:
SUCCESS
####PON and GR\n
Tool returned:
SUCCESS
EIND
/groups/umcg-wijmenga/tmp01/projects/lude_vici_2021/rawdata/datasets/EGAD00001000292/samples/S1/chr21/mutect_bwa_aln/bwa_aln_S1_numT_1_numHC_1_SS6004094_SS6004104.txt
####sample name\n
Tool returned:
SUCCESS
####PON and GR\n
Tool returned:
SUCCESS
EIND
/groups/umcg-wijmenga/tmp01/projects/lude_vici_2021/rawdata/datasets/EGAD00001000292/samples/S1/chr21/mutect_bwa_aln/bwa_aln_SS6004094.txt
####sample name\n
Tool returned:
SUCCESS
####PON and GR\n
Tool returned:
SUCCESS
EIND
/groups/umcg-wijmenga/tmp01/projects/lude_vici_2021/rawdata/datasets/EGAD00001000292/samples/S1/chr21/mutect_bwa_aln/bwa_aln_SS6004099.txt
####sample name\n
Tool returned:
SUCCESS
####PON and GR\n
Tool returned:
SUCCESS
EIND
/groups/umcg-wijmenga/tmp01/projects/lude_vici_2021/rawdata/datasets/EGAD00001000292/samples/S1/chr21/mutect_bwa_aln/bwa_aln_SS6004104.txt
####sample name\n
Tool returned:
SUCCESS
####PON and GR\n
Tool returned:
SUCCESS
EIND
/groups/umcg-wijmenga/tmp01/projects/lude_vici_2021/rawdata/datasets/EGAD00001000292/samples/S2/chr21/mutect_bwa_aln/bwa_aln_S2_numT_1_numHC_1_SS6004109_SS6004113.txt
####sample name\n
Tool returned:
SUCCESS
####PON and GR\n
Tool returned:
SUCCESS
EIND
/groups/umcg-wijmenga/tmp01/projects/lude_vici_2021/rawdata/datasets/EGAD00001000292/samples/S2/chr21/mutect_bwa_aln/bwa_aln_S2_numT_1_numHC_1_SS6004109_SS6004114.txt
####sample name\n
Tool returned:
SUCCESS
####PON and GR\n
Tool returned:
SUCCESS
EIND
/groups/umcg-wijmenga/tmp01/projects/lude_vici_2021/rawdata/datasets/EGAD00001000292/samples/S2/chr21/mutect_bwa_aln/bwa_aln_S2_numT_1_numHC_1_SS6004109_SS6004118.txt
####sample name\n
Tool returned:
SUCCESS
####PON and GR\n
Tool returned:
SUCCESS
EIND
/groups/umcg-wijmenga/tmp01/projects/lude_vici_2021/rawdata/datasets/EGAD00001000292/samples/S2/chr21/mutect_bwa_aln/bwa_aln_S2_numT_1_numHC_1_SS6004109_SS6004119.txt
####sample name\n
Tool returned:
SUCCESS
####PON and GR\n
Tool returned:
SUCCESS
EIND
/groups/umcg-wijmenga/tmp01/projects/lude_vici_2021/rawdata/datasets/EGAD00001000292/samples/S2/chr21/mutect_bwa_aln/bwa_aln_SS6004109.txt
####sample name\n
Tool returned:
SUCCESS
####PON and GR\n
Tool returned:
SUCCESS
EIND
/groups/umcg-wijmenga/tmp01/projects/lude_vici_2021/rawdata/datasets/EGAD00001000292/samples/S2/chr21/mutect_bwa_aln/bwa_aln_SS6004113.txt
####sample name\n
Tool returned:
SUCCESS
####PON and GR\n
Tool returned:
SUCCESS
EIND
/groups/umcg-wijmenga/tmp01/projects/lude_vici_2021/rawdata/datasets/EGAD00001000292/samples/S2/chr21/mutect_bwa_aln/bwa_aln_SS6004114.txt
####sample name\n
Tool returned:
SUCCESS
####PON and GR\n
Tool returned:
SUCCESS
EIND
/groups/umcg-wijmenga/tmp01/projects/lude_vici_2021/rawdata/datasets/EGAD00001000292/samples/S2/chr21/mutect_bwa_aln/bwa_aln_SS6004118.txt
####sample name\n
Tool returned:
SUCCESS
####PON and GR\n
Tool returned:
SUCCESS
EIND
/groups/umcg-wijmenga/tmp01/projects/lude_vici_2021/rawdata/datasets/EGAD00001000292/samples/S2/chr21/mutect_bwa_aln/bwa_aln_SS6004119.txt
####sample name\n
Tool returned:
SUCCESS
####PON and GR\n
Tool returned:
SUCCESS
EIND
/groups/umcg-wijmenga/tmp01/projects/lude_vici_2021/rawdata/datasets/EGAD00001000292/samples/S3/chr21/mutect_bwa_aln/bwa_aln_S3_numT_1_numHC_1_SS6004123_SS6004124.txt
####sample name\n
Tool returned:
SUCCESS
####PON and GR\n
Tool returned:
SUCCESS
EIND
/groups/umcg-wijmenga/tmp01/projects/lude_vici_2021/rawdata/datasets/EGAD00001000292/samples/S3/chr21/mutect_bwa_aln/bwa_aln_S3_numT_1_numHC_1_SS6004123_SS6004129.txt
####sample name\n
Tool returned:
SUCCESS
####PON and GR\n
Tool returned:
SUCCESS
EIND
/groups/umcg-wijmenga/tmp01/projects/lude_vici_2021/rawdata/datasets/EGAD00001000292/samples/S3/chr21/mutect_bwa_aln/bwa_aln_SS6004123.txt
####sample name\n
Tool returned:
SUCCESS
####PON and GR\n
Tool returned:
SUCCESS
EIND
/groups/umcg-wijmenga/tmp01/projects/lude_vici_2021/rawdata/datasets/EGAD00001000292/samples/S3/chr21/mutect_bwa_aln/bwa_aln_SS6004124.txt
####sample name\n
Tool returned:
SUCCESS
####PON and GR\n
Tool returned:
SUCCESS
EIND
/groups/umcg-wijmenga/tmp01/projects/lude_vici_2021/rawdata/datasets/EGAD00001000292/samples/S3/chr21/mutect_bwa_aln/bwa_aln_SS6004129.txt
####sample name\n
Tool returned:
SUCCESS
####PON and GR\n
Tool returned:
SUCCESS
EIND
/groups/umcg-wijmenga/tmp01/projects/lude_vici_2021/rawdata/datasets/EGAD00001000292/samples/S4/chr21/mutect_bwa_aln/bwa_aln_S4_numT_1_numHC_1_SS6004128_SS6004133.txt
####sample name\n
Tool returned:
SUCCESS
####PON and GR\n
Tool returned:
SUCCESS
EIND
/groups/umcg-wijmenga/tmp01/projects/lude_vici_2021/rawdata/datasets/EGAD00001000292/samples/S4/chr21/mutect_bwa_aln/bwa_aln_S4_numT_1_numHC_1_SS6004128_SS6004134.txt
####sample name\n
Tool returned:
SUCCESS
####PON and GR\n
Tool returned:
SUCCESS
EIND
/groups/umcg-wijmenga/tmp01/projects/lude_vici_2021/rawdata/datasets/EGAD00001000292/samples/S4/chr21/mutect_bwa_aln/bwa_aln_SS6004128.txt
####sample name\n
Tool returned:
SUCCESS
####PON and GR\n
Tool returned:
SUCCESS
EIND
/groups/umcg-wijmenga/tmp01/projects/lude_vici_2021/rawdata/datasets/EGAD00001000292/samples/S4/chr21/mutect_bwa_aln/bwa_aln_SS6004133.txt
####sample name\n
Tool returned:
SUCCESS
####PON and GR\n
Tool returned:
SUCCESS
EIND
/groups/umcg-wijmenga/tmp01/projects/lude_vici_2021/rawdata/datasets/EGAD00001000292/samples/S4/chr21/mutect_bwa_aln/bwa_aln_SS6004134.txt
####sample name\n
Tool returned:
SUCCESS
####PON and GR\n
Tool returned:
SUCCESS
EIND
/groups/umcg-wijmenga/tmp01/projects/lude_vici_2021/rawdata/datasets/EGAD00001000292/samples/S5/chr21/mutect_bwa_aln/bwa_aln_S5_numT_1_numHC_1_SS6004138_SS6004139.txt
####sample name\n
Tool returned:
SUCCESS
####PON and GR\n
Tool returned:
SUCCESS
EIND
/groups/umcg-wijmenga/tmp01/projects/lude_vici_2021/rawdata/datasets/EGAD00001000292/samples/S5/chr21/mutect_bwa_aln/bwa_aln_S5_numT_1_numHC_1_SS6004138_SS6005041.txt
####sample name\n
Tool returned:
SUCCESS
####PON and GR\n
Tool returned:
SUCCESS
EIND
/groups/umcg-wijmenga/tmp01/projects/lude_vici_2021/rawdata/datasets/EGAD00001000292/samples/S5/chr21/mutect_bwa_aln/bwa_aln_SS6004138.txt
####sample name\n
Tool returned:
SUCCESS
####PON and GR\n
Tool returned:
SUCCESS
EIND
/groups/umcg-wijmenga/tmp01/projects/lude_vici_2021/rawdata/datasets/EGAD00001000292/samples/S5/chr21/mutect_bwa_aln/bwa_aln_SS6004139.txt
####sample name\n
Tool returned:
SUCCESS
####PON and GR\n
Tool returned:
SUCCESS
EIND
/groups/umcg-wijmenga/tmp01/projects/lude_vici_2021/rawdata/datasets/EGAD00001000292/samples/S5/chr21/mutect_bwa_aln/bwa_aln_SS6005041.txt
####sample name\n
Tool returned:
SUCCESS
####PON and GR\n
Tool returned:
SUCCESS
EIND
/groups/umcg-wijmenga/tmp01/projects/lude_vici_2021/rawdata/datasets/EGAD00001000292/samples/S6/chr21/mutect_bwa_aln/bwa_aln_S6_numT_1_numHC_1_SS6005042_SS6005043.txt
####sample name\n
Tool returned:
SUCCESS
####PON and GR\n
Tool returned:
SUCCESS
EIND
/groups/umcg-wijmenga/tmp01/projects/lude_vici_2021/rawdata/datasets/EGAD00001000292/samples/S6/chr21/mutect_bwa_aln/bwa_aln_S6_numT_1_numHC_1_SS6005042_SS6005044.txt
####sample name\n
Tool returned:
SUCCESS
####PON and GR\n
Tool returned:
SUCCESS
EIND
/groups/umcg-wijmenga/tmp01/projects/lude_vici_2021/rawdata/datasets/EGAD00001000292/samples/S6/chr21/mutect_bwa_aln/bwa_aln_SS6005042.txt
####sample name\n
Tool returned:
SUCCESS
####PON and GR\n
Tool returned:
SUCCESS
EIND
/groups/umcg-wijmenga/tmp01/projects/lude_vici_2021/rawdata/datasets/EGAD00001000292/samples/S6/chr21/mutect_bwa_aln/bwa_aln_SS6005043.txt
####sample name\n
Tool returned:
SUCCESS
####PON and GR\n
Tool returned:
SUCCESS
EIND
/groups/umcg-wijmenga/tmp01/projects/lude_vici_2021/rawdata/datasets/EGAD00001000292/samples/S6/chr21/mutect_bwa_aln/bwa_aln_SS6005044.txt
####sample name\n
Tool returned:
SUCCESS
####PON and GR\n
Tool returned:
SUCCESS
EIND
tester: /groups/umcg-wijmenga/tmp01/projects/lude_vici_2021/rawdata/datasets/EGAD00001000292/samples/S1/4094_vcf/chr21/bwa_aln/SS6004094_somatic_filtered.vcf.gz /groups/umcg-wijmenga/tmp01/projects/lude_vici_2021/rawdata/datasets/EGAD00001000292/samples/S1/4099_vcf/chr21/bwa_aln/SS6004099_somatic_filtered.vcf.gz -p /groups/umcg-wijmenga/tmp01/projects/lude_vici_2021/rawdata/datasets/EGAD00001000292/samples/S1/compare_4094_4099/chr21/bwa_aln/
/groups/umcg-wijmenga/tmp01/projects/lude_vici_2021/rawdata/datasets/EGAD00001000292/samples/S1/compare_4094_4099/chr21/bwa_aln/
KLAAR
tester: /groups/umcg-wijmenga/tmp01/projects/lude_vici_2021/rawdata/datasets/EGAD00001000292/samples/S1/4094_vcf/chr21/bwa_aln/SS6004094_somatic_filtered.vcf.gz /groups/umcg-wijmenga/tmp01/projects/lude_vici_2021/rawdata/datasets/EGAD00001000292/samples/S1/4104_vcf/chr21/bwa_aln/SS6004104_somatic_filtered.vcf.gz -p /groups/umcg-wijmenga/tmp01/projects/lude_vici_2021/rawdata/datasets/EGAD00001000292/samples/S1/compare_4094_4104/chr21/bwa_aln/
/groups/umcg-wijmenga/tmp01/projects/lude_vici_2021/rawdata/datasets/EGAD00001000292/samples/S1/compare_4094_4104/chr21/bwa_aln/
KLAAR
tester: /groups/umcg-wijmenga/tmp01/projects/lude_vici_2021/rawdata/datasets/EGAD00001000292/samples/S2/4109_vcf/chr21/bwa_aln/SS6004109_somatic_filtered.vcf.gz /groups/umcg-wijmenga/tmp01/projects/lude_vici_2021/rawdata/datasets/EGAD00001000292/samples/S2/4113_vcf/chr21/bwa_aln/SS6004113_somatic_filtered.vcf.gz -p /groups/umcg-wijmenga/tmp01/projects/lude_vici_2021/rawdata/datasets/EGAD00001000292/samples/S2/compare_4109_4113/chr21/bwa_aln/
/groups/umcg-wijmenga/tmp01/projects/lude_vici_2021/rawdata/datasets/EGAD00001000292/samples/S2/compare_4109_4113/chr21/bwa_aln/
KLAAR
tester: /groups/umcg-wijmenga/tmp01/projects/lude_vici_2021/rawdata/datasets/EGAD00001000292/samples/S2/4109_vcf/chr21/bwa_aln/SS6004109_somatic_filtered.vcf.gz /groups/umcg-wijmenga/tmp01/projects/lude_vici_2021/rawdata/datasets/EGAD00001000292/samples/S2/4114_vcf/chr21/bwa_aln/SS6004114_somatic_filtered.vcf.gz -p /groups/umcg-wijmenga/tmp01/projects/lude_vici_2021/rawdata/datasets/EGAD00001000292/samples/S2/compare_4109_4114/chr21/bwa_aln/
/groups/umcg-wijmenga/tmp01/projects/lude_vici_2021/rawdata/datasets/EGAD00001000292/samples/S2/compare_4109_4114/chr21/bwa_aln/
KLAAR
tester: /groups/umcg-wijmenga/tmp01/projects/lude_vici_2021/rawdata/datasets/EGAD00001000292/samples/S2/4109_vcf/chr21/bwa_aln/SS6004109_somatic_filtered.vcf.gz /groups/umcg-wijmenga/tmp01/projects/lude_vici_2021/rawdata/datasets/EGAD00001000292/samples/S2/4118_vcf/chr21/bwa_aln/SS6004118_somatic_filtered.vcf.gz -p /groups/umcg-wijmenga/tmp01/projects/lude_vici_2021/rawdata/datasets/EGAD00001000292/samples/S2/compare_4109_4118/chr21/bwa_aln/
/groups/umcg-wijmenga/tmp01/projects/lude_vici_2021/rawdata/datasets/EGAD00001000292/samples/S2/compare_4109_4118/chr21/bwa_aln/
KLAAR
tester: /groups/umcg-wijmenga/tmp01/projects/lude_vici_2021/rawdata/datasets/EGAD00001000292/samples/S2/4109_vcf/chr21/bwa_aln/SS6004109_somatic_filtered.vcf.gz /groups/umcg-wijmenga/tmp01/projects/lude_vici_2021/rawdata/datasets/EGAD00001000292/samples/S2/4119_vcf/chr21/bwa_aln/SS6004119_somatic_filtered.vcf.gz -p /groups/umcg-wijmenga/tmp01/projects/lude_vici_2021/rawdata/datasets/EGAD00001000292/samples/S2/compare_4109_4119/chr21/bwa_aln/
/groups/umcg-wijmenga/tmp01/projects/lude_vici_2021/rawdata/datasets/EGAD00001000292/samples/S2/compare_4109_4119/chr21/bwa_aln/
KLAAR
tester: /groups/umcg-wijmenga/tmp01/projects/lude_vici_2021/rawdata/datasets/EGAD00001000292/samples/S3/4123_vcf/chr21/bwa_aln/SS6004123_somatic_filtered.vcf.gz /groups/umcg-wijmenga/tmp01/projects/lude_vici_2021/rawdata/datasets/EGAD00001000292/samples/S3/4124_vcf/chr21/bwa_aln/SS6004124_somatic_filtered.vcf.gz -p /groups/umcg-wijmenga/tmp01/projects/lude_vici_2021/rawdata/datasets/EGAD00001000292/samples/S3/compare_4123_4124/chr21/bwa_aln/
/groups/umcg-wijmenga/tmp01/projects/lude_vici_2021/rawdata/datasets/EGAD00001000292/samples/S3/compare_4123_4124/chr21/bwa_aln/
KLAAR
tester: /groups/umcg-wijmenga/tmp01/projects/lude_vici_2021/rawdata/datasets/EGAD00001000292/samples/S3/4123_vcf/chr21/bwa_aln/SS6004123_somatic_filtered.vcf.gz /groups/umcg-wijmenga/tmp01/projects/lude_vici_2021/rawdata/datasets/EGAD00001000292/samples/S3/4129_vcf/chr21/bwa_aln/SS6004129_somatic_filtered.vcf.gz -p /groups/umcg-wijmenga/tmp01/projects/lude_vici_2021/rawdata/datasets/EGAD00001000292/samples/S3/compare_4123_4129/chr21/bwa_aln/
/groups/umcg-wijmenga/tmp01/projects/lude_vici_2021/rawdata/datasets/EGAD00001000292/samples/S3/compare_4123_4129/chr21/bwa_aln/
KLAAR
tester: /groups/umcg-wijmenga/tmp01/projects/lude_vici_2021/rawdata/datasets/EGAD00001000292/samples/S4/4128_vcf/chr21/bwa_aln/SS6004128_somatic_filtered.vcf.gz /groups/umcg-wijmenga/tmp01/projects/lude_vici_2021/rawdata/datasets/EGAD00001000292/samples/S4/4133_vcf/chr21/bwa_aln/SS6004133_somatic_filtered.vcf.gz -p /groups/umcg-wijmenga/tmp01/projects/lude_vici_2021/rawdata/datasets/EGAD00001000292/samples/S4/compare_4128_4133/chr21/bwa_aln/
/groups/umcg-wijmenga/tmp01/projects/lude_vici_2021/rawdata/datasets/EGAD00001000292/samples/S4/compare_4128_4133/chr21/bwa_aln/
KLAAR
tester: /groups/umcg-wijmenga/tmp01/projects/lude_vici_2021/rawdata/datasets/EGAD00001000292/samples/S4/4128_vcf/chr21/bwa_aln/SS6004128_somatic_filtered.vcf.gz /groups/umcg-wijmenga/tmp01/projects/lude_vici_2021/rawdata/datasets/EGAD00001000292/samples/S4/4134_vcf/chr21/bwa_aln/SS6004134_somatic_filtered.vcf.gz -p /groups/umcg-wijmenga/tmp01/projects/lude_vici_2021/rawdata/datasets/EGAD00001000292/samples/S4/compare_4128_4134/chr21/bwa_aln/
/groups/umcg-wijmenga/tmp01/projects/lude_vici_2021/rawdata/datasets/EGAD00001000292/samples/S4/compare_4128_4134/chr21/bwa_aln/
KLAAR
tester: /groups/umcg-wijmenga/tmp01/projects/lude_vici_2021/rawdata/datasets/EGAD00001000292/samples/S5/4138_vcf/chr21/bwa_aln/SS6004138_somatic_filtered.vcf.gz /groups/umcg-wijmenga/tmp01/projects/lude_vici_2021/rawdata/datasets/EGAD00001000292/samples/S5/4139_vcf/chr21/bwa_aln/SS6004139_somatic_filtered.vcf.gz -p /groups/umcg-wijmenga/tmp01/projects/lude_vici_2021/rawdata/datasets/EGAD00001000292/samples/S5/compare_4138_4139/chr21/bwa_aln/
/groups/umcg-wijmenga/tmp01/projects/lude_vici_2021/rawdata/datasets/EGAD00001000292/samples/S5/compare_4138_4139/chr21/bwa_aln/
KLAAR
tester: /groups/umcg-wijmenga/tmp01/projects/lude_vici_2021/rawdata/datasets/EGAD00001000292/samples/S5/4138_vcf/chr21/bwa_aln/SS6004138_somatic_filtered.vcf.gz /groups/umcg-wijmenga/tmp01/projects/lude_vici_2021/rawdata/datasets/EGAD00001000292/samples/S5/5041_vcf/chr21/bwa_aln/SS6005041_somatic_filtered.vcf.gz -p /groups/umcg-wijmenga/tmp01/projects/lude_vici_2021/rawdata/datasets/EGAD00001000292/samples/S5/compare_4138_5041/chr21/bwa_aln/
/groups/umcg-wijmenga/tmp01/projects/lude_vici_2021/rawdata/datasets/EGAD00001000292/samples/S5/compare_4138_5041/chr21/bwa_aln/
KLAAR
tester: /groups/umcg-wijmenga/tmp01/projects/lude_vici_2021/rawdata/datasets/EGAD00001000292/samples/S6/5042_vcf/chr21/bwa_aln/SS6005042_somatic_filtered.vcf.gz /groups/umcg-wijmenga/tmp01/projects/lude_vici_2021/rawdata/datasets/EGAD00001000292/samples/S6/5043_vcf/chr21/bwa_aln/SS6005043_somatic_filtered.vcf.gz -p /groups/umcg-wijmenga/tmp01/projects/lude_vici_2021/rawdata/datasets/EGAD00001000292/samples/S6/compare_5042_5043/chr21/bwa_aln/
/groups/umcg-wijmenga/tmp01/projects/lude_vici_2021/rawdata/datasets/EGAD00001000292/samples/S6/compare_5042_5043/chr21/bwa_aln/
KLAAR
tester: /groups/umcg-wijmenga/tmp01/projects/lude_vici_2021/rawdata/datasets/EGAD00001000292/samples/S6/5042_vcf/chr21/bwa_aln/SS6005042_somatic_filtered.vcf.gz /groups/umcg-wijmenga/tmp01/projects/lude_vici_2021/rawdata/datasets/EGAD00001000292/samples/S6/5044_vcf/chr21/bwa_aln/SS6005044_somatic_filtered.vcf.gz -p /groups/umcg-wijmenga/tmp01/projects/lude_vici_2021/rawdata/datasets/EGAD00001000292/samples/S6/compare_5042_5044/chr21/bwa_aln/
/groups/umcg-wijmenga/tmp01/projects/lude_vici_2021/rawdata/datasets/EGAD00001000292/samples/S6/compare_5042_5044/chr21/bwa_aln/
KLAAR
THE END END END END
#################################################################################################################
# Job details recorded by SLURM job epilog using sacct.                                                         #
#################################################################################################################
Resources consumed by job 977141 for user umcg-aewijk running on compute node gs-vcompute03:
================================================================================================================
JobID         Elapsed     AllocCPUS  AveCPU    ReqMem  MaxVMSize  MaxRSS     MaxDiskRead  MaxDiskWrite  
977141.batch  1-20:20:22  8          00:00:00  96Gn    30561032K  12534047K  234318.35M   42949.22M     
#################################################################################################################
